<?xml version="1.0" encoding="UTF-8"?>
<testsuite name="model.FirefighterBoardTest" tests="1" skipped="0" failures="0" errors="0" timestamp="2023-11-16T13:05:26" hostname="CHRIS-G14" time="0.073">
  <properties/>
  <testcase name="testFireFightervsFire()" classname="model.FirefighterBoardTest" time="0.073"/>
  <system-out><![CDATA[]]></system-out>
  <system-err><![CDATA[]]></system-err>
</testsuite>
